<?xml version="1.0" encoding="UTF-8"?>
<!-- Generated by org.testng.reporters.JUnitXMLReporter -->
<testsuite ignored="0" hostname="DESKTOP-04F50G1" failures="0" tests="4" name="Surefire test" time="7.844" errors="0" timestamp="2024-11-21T19:47:09 ICT">
  <testcase classname="RestAssuredTest" name="GetPhoto" time="7.699"/>
  <testcase classname="TestNG" name="Test1" time="0.01"/>
  <testcase classname="TestNG" name="Test2" time="0.004"/>
  <testcase classname="TestNG" name="Test3" time="0.002"/>
</testsuite> <!-- Surefire test -->
