<?xml version="1.0" encoding="UTF-8"?>
<testng-results ignored="0" total="4" passed="4" failed="0" skipped="0">
  <reporter-output>
  </reporter-output>
  <suite started-at="2024-11-21T19:47:01 ICT" name="Surefire suite" finished-at="2024-11-21T19:47:09 ICT" duration-ms="7844">
    <groups>
    </groups>
    <test started-at="2024-11-21T19:47:01 ICT" name="Surefire test" finished-at="2024-11-21T19:47:09 ICT" duration-ms="7844">
      <class name="TestNG">
        <test-method is-config="true" signature="setUp()[pri:0, instance:TestNG@25b485ba]" started-at="2024-11-21T19:47:09 ICT" name="setUp" finished-at="2024-11-21T19:47:09 ICT" duration-ms="4" status="PASS">
          <reporter-output>
          </reporter-output>
        </test-method> <!-- setUp -->
        <test-method is-config="true" signature="setUpMethod()[pri:0, instance:TestNG@25b485ba]" started-at="2024-11-21T19:47:09 ICT" name="setUpMethod" finished-at="2024-11-21T19:47:09 ICT" duration-ms="1" status="PASS">
          <reporter-output>
          </reporter-output>
        </test-method> <!-- setUpMethod -->
        <test-method signature="Test1()[pri:0, instance:TestNG@25b485ba]" started-at="2024-11-21T19:47:09 ICT" name="Test1" finished-at="2024-11-21T19:47:09 ICT" duration-ms="10" status="PASS">
          <reporter-output>
          </reporter-output>
        </test-method> <!-- Test1 -->
        <test-method is-config="true" signature="afterMethod()[pri:0, instance:TestNG@25b485ba]" started-at="2024-11-21T19:47:09 ICT" name="afterMethod" finished-at="2024-11-21T19:47:09 ICT" duration-ms="20" status="PASS">
          <reporter-output>
          </reporter-output>
        </test-method> <!-- afterMethod -->
        <test-method is-config="true" signature="setUpMethod()[pri:0, instance:TestNG@25b485ba]" started-at="2024-11-21T19:47:09 ICT" name="setUpMethod" finished-at="2024-11-21T19:47:09 ICT" duration-ms="4" status="PASS">
          <reporter-output>
          </reporter-output>
        </test-method> <!-- setUpMethod -->
        <test-method signature="Test2()[pri:0, instance:TestNG@25b485ba]" started-at="2024-11-21T19:47:09 ICT" name="Test2" finished-at="2024-11-21T19:47:09 ICT" duration-ms="4" status="PASS">
          <reporter-output>
          </reporter-output>
        </test-method> <!-- Test2 -->
        <test-method is-config="true" signature="afterMethod()[pri:0, instance:TestNG@25b485ba]" started-at="2024-11-21T19:47:09 ICT" name="afterMethod" finished-at="2024-11-21T19:47:09 ICT" duration-ms="0" status="PASS">
          <reporter-output>
          </reporter-output>
        </test-method> <!-- afterMethod -->
        <test-method is-config="true" signature="setUpMethod()[pri:0, instance:TestNG@25b485ba]" started-at="2024-11-21T19:47:09 ICT" name="setUpMethod" finished-at="2024-11-21T19:47:09 ICT" duration-ms="1" status="PASS">
          <reporter-output>
          </reporter-output>
        </test-method> <!-- setUpMethod -->
        <test-method signature="Test3()[pri:0, instance:TestNG@25b485ba]" started-at="2024-11-21T19:47:09 ICT" name="Test3" finished-at="2024-11-21T19:47:09 ICT" duration-ms="2" status="PASS">
          <reporter-output>
          </reporter-output>
        </test-method> <!-- Test3 -->
        <test-method is-config="true" signature="afterMethod()[pri:0, instance:TestNG@25b485ba]" started-at="2024-11-21T19:47:09 ICT" name="afterMethod" finished-at="2024-11-21T19:47:09 ICT" duration-ms="1" status="PASS">
          <reporter-output>
          </reporter-output>
        </test-method> <!-- afterMethod -->
      </class> <!-- TestNG -->
      <class name="RestAssuredTest">
        <test-method signature="GetPhoto()[pri:0, instance:RestAssuredTest@4d826d77]" started-at="2024-11-21T19:47:01 ICT" name="GetPhoto" finished-at="2024-11-21T19:47:09 ICT" duration-ms="7699" status="PASS">
          <reporter-output>
          </reporter-output>
        </test-method> <!-- GetPhoto -->
      </class> <!-- RestAssuredTest -->
    </test> <!-- Surefire test -->
  </suite> <!-- Surefire suite -->
</testng-results>
